<?xml version="1.0" encoding="UTF-8"?>
<!-- Generated by org.testng.reporters.JUnitReportReporter -->
<testsuite hostname="LAPTOP-7FA1EMDM" failures="0" tests="2" name="com.GST.mavenP.GroupTests" time="0.014" errors="0" timestamp="2025-06-18T16:35:28 IST" skipped="0">
  <testcase classname="com.GST.mavenP.GroupTests" name="smokeAndRegression" time="0.001"/>
  <testcase classname="com.GST.mavenP.GroupTests" name="smoke" time="0.013"/>
</testsuite> <!-- com.GST.mavenP.GroupTests -->
